Attaching to agrorobot_prod
agrorobot_prod  | Starting socat inside container (target: 192.168.5.42:81)...
agrorobot_prod  | ==========================================
agrorobot_prod  | Starting AgriRobot Production Container
agrorobot_prod  | ==========================================
agrorobot_prod  | ✓ minimalmodbus installed
agrorobot_prod  | ✓ /dev/ttyVCOM1 exists
agrorobot_prod  | lrwxrwxrwx 1 root root 10 Jul  3 08:40 /dev/ttyVCOM1 -> /dev/pts/0
agrorobot_prod  | Fixing permissions...
agrorobot_prod  | Testing port...
agrorobot_prod  | OK
agrorobot_prod  | ✓ Port is accessible
agrorobot_prod  | Starting >>> my_robot
agrorobot_prod  | Starting >>> visual_multi_crop_row_navigation
agrorobot_prod  | Finished <<< visual_multi_crop_row_navigation [1.20s]
agrorobot_prod  | Finished <<< my_robot [1.22s]
agrorobot_prod  | 
agrorobot_prod  | Summary: 2 packages finished [1.29s]
agrorobot_prod  | [INFO] [launch]: All log files can be found below /root/.ros/log/2026-07-03-08-40-22-661652-alex-Victus-by-HP-Laptop-16-d0xxx-1
agrorobot_prod  | [INFO] [launch]: Default logging verbosity is set to INFO
agrorobot_prod  | [INFO] [robot_state_publisher-1]: process started with pid [68]
agrorobot_prod  | [INFO] [rs485_bridge-2]: process started with pid [69]
agrorobot_prod  | [INFO] [usb_camera-3]: process started with pid [70]
agrorobot_prod  | [INFO] [ekf_node-4]: process started with pid [71]
agrorobot_prod  | [INFO] [ekf_node-5]: process started with pid [72]
agrorobot_prod  | [robot_state_publisher-1] [INFO] [1783068022.754343164] [robot_state_publisher]: Robot initialized
agrorobot_prod  | [rs485_bridge-2] [INFO] [1783068022.930566067] [rs485_bridge]: Connecting to Modbus on /dev/ttyVCOM1 @ 38400 baud...
agrorobot_prod  | [rs485_bridge-2] [INFO] [1783068022.931108793] [rs485_bridge]: Serial port /dev/ttyVCOM1 opened @ 38400 baud — 11 Modbus addresses registered
agrorobot_prod  | [rs485_bridge-2] [WARN] [1783068023.031823307] [rs485_bridge]: [TX FAIL] addr=6 FC05 coil=0 val=1: NoResponseError: No communication with the instrument (no answer)
agrorobot_prod  | [rs485_bridge-2] [WARN] [1783068023.032143997] [rs485_bridge]: [BREAKER] addr=6 failed — backing off 5s (trip #1)
agrorobot_prod  | [rs485_bridge-2] [INFO] [1783068023.032368269] [rs485_bridge]: Enable coil sent to separator (addr 6)
agrorobot_prod  | [usb_camera-3] [ WARN:0@0.155] global ./modules/videoio/src/cap_gstreamer.cpp (862) isPipelinePlaying OpenCV | GStreamer warning: GStreamer: pipeline have not been created
agrorobot_prod  | [usb_camera-3] [INFO] [1783068023.113341264] [usb_camera]: Camera device 0 opened (1280x720 @ 30.0 fps)
agrorobot_prod  | [rs485_bridge-2] [INFO] [1783068023.368924785] [rs485_bridge]: Modbus OK:   1:manipulator, 2:bucket, 3:frame, 4:bunker, 5:flaps, 7:steering, 8:motor-FL, 9:motor-FR, 10:motor-RL, 11:motor-RR
agrorobot_prod  | [rs485_bridge-2] [WARN] [1783068023.369228716] [rs485_bridge]: Modbus FAIL: 6:separator(BLDC)
agrorobot_prod  | [rs485_bridge-2] [WARN] [1783068023.369818972] [rs485_bridge]: Magnetometer port /dev/ttyUSB1 unavailable: [Errno 2] could not open port /dev/ttyUSB1: [Errno 2] No such file or directory: '/dev/ttyUSB1'
agrorobot_prod  | [rs485_bridge-2] [INFO] [1783068023.427016129] [rs485_bridge]: [BLDC tick] 9:idle | 8:idle | 11:idle | 10:idle
agrorobot_prod  | [rs485_bridge-2] [INFO] [1783068023.449063068] [rs485_bridge]: [TX OK] addr=1 FC06 reg=0 val=0
agrorobot_prod  | [rs485_bridge-2] [WARN] [1783068024.426915779] [rs485_bridge]: [WATCHDOG] no /velocity_controller/commands for >1.5s — forcing stop (last value was [0.0, 0.0, 0.0, 0.0])
agrorobot_prod  | [rs485_bridge-2] [INFO] [1783068024.427687666] [rs485_bridge]: [BLDC tick] 9:idle | 8:idle | 11:idle | 10:idle
agrorobot_prod  | [INFO] [acker_odom-6]: process started with pid [146]
agrorobot_prod  | [acker_odom-6] [INFO] [1783068024.963557432] [acker_odom]: Ackerman Odometry node initialized
agrorobot_prod  | [rs485_bridge-2] [INFO] [1783068025.429882411] [rs485_bridge]: [BLDC tick] 9:idle | 8:idle | 11:idle | 10:idle
agrorobot_prod  | [rs485_bridge-2] [INFO] [1783068026.470415832] [rs485_bridge]: [BLDC tick] 9:idle | 8:idle | 11:idle | 10:idle
agrorobot_prod  | [INFO] [row_driver-7]: process started with pid [159]
agrorobot_prod  | [row_driver-7] [INFO] [1783068026.934377303] [row_driver]: Row driver ready. Send True to /autopilot/enable to start.
agrorobot_prod  | [rs485_bridge-2] [INFO] [1783068027.470656890] [rs485_bridge]: [BLDC tick] 9:idle | 8:idle | 11:idle | 10:idle
agrorobot_prod  | [rs485_bridge-2] [INFO] [1783068028.477035609] [rs485_bridge]: [BLDC tick] 9:idle | 8:idle | 11:idle | 10:idle
agrorobot_prod  | [INFO] [field_mission-8]: process started with pid [172]
agrorobot_prod  | [INFO] [vs_navigation-9]: process started with pid [173]
agrorobot_prod  | [field_mission-8] [INFO] [1783068028.971991291] [field_mission]: [MISSION] Ready.
agrorobot_prod  | [field_mission-8]   Start mission : ros2 topic pub --once /mission/start std_msgs/msg/Bool '{data: true}'
agrorobot_prod  | [field_mission-8]   Emergency stop: ros2 topic pub --once /mission/stop  std_msgs/msg/Bool '{data: true}'
agrorobot_prod  | [field_mission-8]   [DEBUG] Goto  : ros2 topic pub --once /mission/goto  geometry_msgs/msg/Point '{x: 5.0, y: 0.0, z: 0.0}'
agrorobot_prod  | [rs485_bridge-2] [INFO] [1783068029.580817238] [rs485_bridge]: [BLDC tick] 9:idle | 8:idle | 11:idle | 10:idle
agrorobot_prod  | [rs485_bridge-2] [INFO] [1783068029.794173226] [rs485_bridge]: [TX OK] addr=7 FC06 reg=0 val=1
agrorobot_prod  | [rs485_bridge-2] [INFO] [1783068030.627271794] [rs485_bridge]: [BLDC tick] 9:idle | 8:idle | 11:idle | 10:idle
agrorobot_prod  | [rs485_bridge-2] [INFO] [1783068031.676827747] [rs485_bridge]: [BLDC tick] 9:idle | 8:idle | 11:idle | 10:idle
agrorobot_prod  | [rs485_bridge-2] [INFO] [1783068031.685770705] [rs485_bridge]: [VEL] /velocity_controller/commands: [0.0, 0.0, 0.0, 0.0] -> [8.627450980392158, 8.627450980392158, 8.627450980392158, 8.627450980392158]
agrorobot_prod  | [rs485_bridge-2] [INFO] [1783068031.750319944] [rs485_bridge]: [TX OK] addr=9 FC05 coil=0 val=1
agrorobot_prod  | [rs485_bridge-2] [INFO] [1783068031.769624311] [rs485_bridge]: [TX OK] addr=8 FC05 coil=0 val=1
agrorobot_prod  | [rs485_bridge-2] [INFO] [1783068031.789869706] [rs485_bridge]: [TX OK] addr=11 FC05 coil=0 val=1
agrorobot_prod  | [rs485_bridge-2] [INFO] [1783068031.809682292] [rs485_bridge]: [TX OK] addr=10 FC05 coil=0 val=1
agrorobot_prod  | [rs485_bridge-2] [INFO] [1783068031.919659468] [rs485_bridge]: [TX OK] addr=9 FC06 reg=0 val=220
agrorobot_prod  | [rs485_bridge-2] [INFO] [1783068032.009738856] [rs485_bridge]: [TX OK] addr=9 FC05 coil=1 val=0
agrorobot_prod  | [rs485_bridge-2] [INFO] [1783068032.030212901] [rs485_bridge]: [TX OK] addr=8 FC05 coil=1 val=0
agrorobot_prod  | [rs485_bridge-2] [INFO] [1783068032.059624162] [rs485_bridge]: [TX OK] addr=11 FC05 coil=1 val=0
agrorobot_prod  | [rs485_bridge-2] [INFO] [1783068032.080897852] [rs485_bridge]: [TX OK] addr=10 FC05 coil=1 val=0
agrorobot_prod  | [rs485_bridge-2] [INFO] [1783068032.474429206] [rs485_bridge]: [VEL] /velocity_controller/commands: [8.627450980392158, 8.627450980392158, 8.627450980392158, 8.627450980392158] -> [0.0, 0.0, 0.0, 0.0]
agrorobot_prod  | [rs485_bridge-2] [INFO] [1783068032.499697811] [rs485_bridge]: [TX OK] addr=9 FC06 reg=0 val=0
agrorobot_prod  | [rs485_bridge-2] [INFO] [1783068032.599709295] [rs485_bridge]: [TX OK] addr=9 FC05 coil=1 val=0
agrorobot_prod  | [rs485_bridge-2] [INFO] [1783068032.619801699] [rs485_bridge]: [TX OK] addr=8 FC05 coil=1 val=0
agrorobot_prod  | [rs485_bridge-2] [INFO] [1783068032.649556641] [rs485_bridge]: [TX OK] addr=11 FC05 coil=1 val=0
agrorobot_prod  | [rs485_bridge-2] [INFO] [1783068032.669808136] [rs485_bridge]: [TX OK] addr=10 FC05 coil=1 val=0
agrorobot_prod  | [rs485_bridge-2] [INFO] [1783068032.699754954] [rs485_bridge]: [TX OK] addr=9 FC05 coil=0 val=0
agrorobot_prod  | [rs485_bridge-2] [INFO] [1783068032.719973620] [rs485_bridge]: [TX OK] addr=8 FC05 coil=0 val=0
agrorobot_prod  | [rs485_bridge-2] [INFO] [1783068032.740695932] [rs485_bridge]: [TX OK] addr=11 FC05 coil=0 val=0
agrorobot_prod  | [rs485_bridge-2] [INFO] [1783068032.769776164] [rs485_bridge]: [TX OK] addr=10 FC05 coil=0 val=0
agrorobot_prod  | [rs485_bridge-2] [INFO] [1783068032.770526975] [rs485_bridge]: [BLDC tick] 9:DISABLE | 8:DISABLE | 11:DISABLE | 10:DISABLE
agrorobot_prod  | [rs485_bridge-2] [INFO] [1783068033.745718161] [rs485_bridge]: [VEL] /velocity_controller/commands: [0.0, 0.0, 0.0, 0.0] -> [-8.627450980392158, -8.627450980392158, -8.627450980392158, -8.627450980392158]
agrorobot_prod  | [rs485_bridge-2] [INFO] [1783068033.800000906] [rs485_bridge]: [TX OK] addr=9 FC05 coil=0 val=1
agrorobot_prod  | [rs485_bridge-2] [INFO] [1783068033.820130994] [rs485_bridge]: [TX OK] addr=8 FC05 coil=0 val=1
agrorobot_prod  | [rs485_bridge-2] [INFO] [1783068033.840139367] [rs485_bridge]: [TX OK] addr=11 FC05 coil=0 val=1
agrorobot_prod  | [rs485_bridge-2] [INFO] [1783068033.861245488] [rs485_bridge]: [TX OK] addr=10 FC05 coil=0 val=1
agrorobot_prod  | [rs485_bridge-2] [INFO] [1783068033.862020194] [rs485_bridge]: [BLDC tick] 9:ENABLE | 8:ENABLE | 11:ENABLE | 10:ENABLE
agrorobot_prod  | [rs485_bridge-2] [INFO] [1783068033.980104375] [rs485_bridge]: [TX OK] addr=9 FC06 reg=0 val=220
agrorobot_prod  | [rs485_bridge-2] [INFO] [1783068034.069828303] [rs485_bridge]: [TX OK] addr=9 FC05 coil=1 val=1
agrorobot_prod  | [rs485_bridge-2] [INFO] [1783068034.089854852] [rs485_bridge]: [TX OK] addr=8 FC05 coil=1 val=1
agrorobot_prod  | [rs485_bridge-2] [INFO] [1783068034.119778257] [rs485_bridge]: [TX OK] addr=11 FC05 coil=1 val=1
agrorobot_prod  | [rs485_bridge-2] [INFO] [1783068034.139891687] [rs485_bridge]: [TX OK] addr=10 FC05 coil=1 val=1
agrorobot_prod  | [rs485_bridge-2] [INFO] [1783068034.495781747] [rs485_bridge]: [VEL] /velocity_controller/commands: [-8.627450980392158, -8.627450980392158, -8.627450980392158, -8.627450980392158] -> [0.0, 0.0, 0.0, 0.0]
agrorobot_prod  | [rs485_bridge-2] [INFO] [1783068034.550098610] [rs485_bridge]: [TX OK] addr=9 FC06 reg=0 val=0
agrorobot_prod  | [rs485_bridge-2] [INFO] [1783068034.649982200] [rs485_bridge]: [TX OK] addr=9 FC05 coil=1 val=0
agrorobot_prod  | [rs485_bridge-2] [INFO] [1783068034.671045940] [rs485_bridge]: [TX OK] addr=8 FC05 coil=1 val=0
agrorobot_prod  | [rs485_bridge-2] [INFO] [1783068034.699662109] [rs485_bridge]: [TX OK] addr=11 FC05 coil=1 val=0
agrorobot_prod  | [rs485_bridge-2] [INFO] [1783068034.719951173] [rs485_bridge]: [TX OK] addr=10 FC05 coil=1 val=0
agrorobot_prod  | [rs485_bridge-2] [INFO] [1783068034.829990984] [rs485_bridge]: [TX OK] addr=9 FC05 coil=0 val=0
agrorobot_prod  | [rs485_bridge-2] [INFO] [1783068034.849972884] [rs485_bridge]: [TX OK] addr=8 FC05 coil=0 val=0
agrorobot_prod  | [rs485_bridge-2] [INFO] [1783068034.871089183] [rs485_bridge]: [TX OK] addr=11 FC05 coil=0 val=0
agrorobot_prod  | [rs485_bridge-2] [INFO] [1783068034.899864816] [rs485_bridge]: [TX OK] addr=10 FC05 coil=0 val=0
agrorobot_prod  | [rs485_bridge-2] [INFO] [1783068034.900331931] [rs485_bridge]: [BLDC tick] 9:DISABLE | 8:DISABLE | 11:DISABLE | 10:DISABLE
agrorobot_prod  | [rs485_bridge-2] [INFO] [1783068035.926878383] [rs485_bridge]: [BLDC tick] 9:idle | 8:idle | 11:idle | 10:idle
agrorobot_prod  | [rs485_bridge-2] [WARN] [1783068036.061004835] [rs485_bridge]: [WATCHDOG] no /velocity_controller/commands for >1.5s — forcing stop (last value was [0.0, 0.0, 0.0, 0.0])
agrorobot_prod  | [rs485_bridge-2] [INFO] [1783068036.927256093] [rs485_bridge]: [BLDC tick] 9:idle | 8:idle | 11:idle | 10:idle
agrorobot_prod  | [rs485_bridge-2] [INFO] [1783068038.011458614] [rs485_bridge]: [BLDC tick] 9:idle | 8:idle | 11:idle | 10:idle
agrorobot_prod  | [rs485_bridge-2] [INFO] [1783068039.026845871] [rs485_bridge]: [BLDC tick] 9:idle | 8:idle | 11:idle | 10:idle
agrorobot_prod  | [rs485_bridge-2] [INFO] [1783068040.076792107] [rs485_bridge]: [BLDC tick] 9:idle | 8:idle | 11:idle | 10:idle
agrorobot_prod  | [rs485_bridge-2] [INFO] [1783068041.076975588] [rs485_bridge]: [BLDC tick] 9:idle | 8:idle | 11:idle | 10:idle
agrorobot_prod  | [rs485_bridge-2] [INFO] [1783068042.126858032] [rs485_bridge]: [BLDC tick] 9:idle | 8:idle | 11:idle | 10:idle
agrorobot_prod  | [rs485_bridge-2] [INFO] [1783068043.176776448] [rs485_bridge]: [BLDC tick] 9:idle | 8:idle | 11:idle | 10:idle
agrorobot_prod  | [rs485_bridge-2] [INFO] [1783068043.315530465] [rs485_bridge]: [VEL] /velocity_controller/commands: [0.0, 0.0, 0.0, 0.0] -> [8.627450980392158, 8.627450980392158, 8.627450980392158, 8.627450980392158]
agrorobot_prod  | [rs485_bridge-2] [INFO] [1783068043.350929880] [rs485_bridge]: [TX OK] addr=9 FC05 coil=0 val=1
agrorobot_prod  | [rs485_bridge-2] [INFO] [1783068043.372225640] [rs485_bridge]: [TX OK] addr=8 FC05 coil=0 val=1
agrorobot_prod  | [rs485_bridge-2] [INFO] [1783068043.400948430] [rs485_bridge]: [TX OK] addr=11 FC05 coil=0 val=1
agrorobot_prod  | [rs485_bridge-2] [INFO] [1783068043.430664100] [rs485_bridge]: [TX OK] addr=10 FC05 coil=0 val=1
agrorobot_prod  | [rs485_bridge-2] [INFO] [1783068043.460693310] [rs485_bridge]: [TX OK] addr=9 FC06 reg=0 val=220
agrorobot_prod  | [rs485_bridge-2] [INFO] [1783068043.550548479] [rs485_bridge]: [TX OK] addr=9 FC05 coil=1 val=0
agrorobot_prod  | [rs485_bridge-2] [INFO] [1783068043.570686228] [rs485_bridge]: [TX OK] addr=8 FC05 coil=1 val=0
agrorobot_prod  | [rs485_bridge-2] [INFO] [1783068043.590742574] [rs485_bridge]: [TX OK] addr=11 FC05 coil=1 val=0
agrorobot_prod  | [rs485_bridge-2] [INFO] [1783068043.611076997] [rs485_bridge]: [TX OK] addr=10 FC05 coil=1 val=0
agrorobot_prod  | [rs485_bridge-2] [INFO] [1783068043.713460916] [rs485_bridge]: [VEL] /velocity_controller/commands: [8.627450980392158, 8.627450980392158, 8.627450980392158, 8.627450980392158] -> [0.0, 0.0, 0.0, 0.0]
agrorobot_prod  | [rs485_bridge-2] [INFO] [1783068043.840542640] [rs485_bridge]: [TX OK] addr=9 FC05 coil=1 val=0
agrorobot_prod  | [rs485_bridge-2] [INFO] [1783068043.860731385] [rs485_bridge]: [TX OK] addr=8 FC05 coil=1 val=0
agrorobot_prod  | [rs485_bridge-2] [INFO] [1783068043.882742565] [rs485_bridge]: [TX OK] addr=11 FC05 coil=1 val=0
agrorobot_prod  | [rs485_bridge-2] [INFO] [1783068043.910925827] [rs485_bridge]: [TX OK] addr=10 FC05 coil=1 val=0
agrorobot_prod  | [rs485_bridge-2] [INFO] [1783068043.940686715] [rs485_bridge]: [TX OK] addr=9 FC05 coil=0 val=0
agrorobot_prod  | [rs485_bridge-2] [INFO] [1783068043.960787906] [rs485_bridge]: [TX OK] addr=8 FC05 coil=0 val=0
agrorobot_prod  | [rs485_bridge-2] [INFO] [1783068043.980848161] [rs485_bridge]: [TX OK] addr=11 FC05 coil=0 val=0
agrorobot_prod  | [rs485_bridge-2] [INFO] [1783068044.010792948] [rs485_bridge]: [TX OK] addr=10 FC05 coil=0 val=0
agrorobot_prod  | [rs485_bridge-2] [INFO] [1783068044.176856942] [rs485_bridge]: [BLDC tick] 9:idle | 8:idle | 11:idle | 10:idle
agrorobot_prod  | [rs485_bridge-2] [WARN] [1783068045.226717188] [rs485_bridge]: [WATCHDOG] no /velocity_controller/commands for >1.5s — forcing stop (last value was [0.0, 0.0, 0.0, 0.0])
agrorobot_prod  | [rs485_bridge-2] [INFO] [1783068045.227168696] [rs485_bridge]: [BLDC tick] 9:idle | 8:idle | 11:idle | 10:idle
agrorobot_prod  | [rs485_bridge-2] [INFO] [1783068046.312020773] [rs485_bridge]: [BLDC tick] 9:idle | 8:idle | 11:idle | 10:idle
agrorobot_prod  | [rs485_bridge-2] [INFO] [1783068047.364979871] [rs485_bridge]: [BLDC tick] 9:idle | 8:idle | 11:idle | 10:idle
